initialization
parameter optimization 1/2
parameter optimization 2/2
0 388.51 PosReg(X=3,Y=1) NegReg(X=1,Y=3) UnReg(X=3) UnReg(X=2) 
parameter optimization 1/2
parameter optimization 2/2
1 351.54 PosReg(X=3,Y=1) NegReg(X=1,Y=3) UnReg(X=3) UnReg(X=2) 
parameter optimization 1/2
parameter optimization 2/2
2 340.19 PosReg(X=3,Y=1) NegReg(X=1,Y=3) UnReg(X=3) UnReg(X=2) 
parameter optimization 1/2
parameter optimization 2/2
3 310.61 UnReg(X=2) PosReg(X=2,Y=3) UnReg(X=1) 
parameter optimization 1/2
parameter optimization 2/2
4 310.61 UnReg(X=2) PosReg(X=2,Y=3) UnReg(X=1) 
parameter optimization 1/2
parameter optimization 2/2
5 290.88 UnReg(X=2) PosReg(X=2,Y=3) UnReg(X=1) 
parameter optimization 1/2
parameter optimization 2/2
6 278.43 PosReg(X=3,Y=1) NegReg(X=1,Y=3) UnReg(X=3) UnReg(X=2) 
parameter optimization 1/2
parameter optimization 2/2
7 278.19 PosReg(X=3,Y=1) NegReg(X=1,Y=3) UnReg(X=3) UnReg(X=2) 
parameter optimization 1/2
parameter optimization 2/2
8 278.19 PosReg(X=3,Y=1) NegReg(X=1,Y=3) UnReg(X=3) UnReg(X=2) 
parameter optimization 1/2
parameter optimization 2/2
9 278.19 PosReg(X=3,Y=1) NegReg(X=1,Y=3) UnReg(X=3) UnReg(X=2) 
simulate final model
